0 info it worked if it ends with ok
1 verbose cli [ 'c:\\Program Files\\nodejs\\node.exe',
1 verbose cli   'c:\\Program Files\\nodejs\\node_modules\\npm\\bin\\npm-cli.js',
1 verbose cli   'install',
1 verbose cli   '--save-dev',
1 verbose cli   'gulp-php-connect' ]
2 info using npm@1.4.28
3 info using node@v0.10.32
4 warn package.json watermark-generator@0.0.1 No repository field.
5 verbose readDependencies using package.json deps
6 verbose cache add [ 'gulp-php-connect', null ]
7 verbose cache add name=undefined spec="gulp-php-connect" args=["gulp-php-connect",null]
8 verbose parsed url { protocol: null,
8 verbose parsed url   slashes: null,
8 verbose parsed url   auth: null,
8 verbose parsed url   host: null,
8 verbose parsed url   port: null,
8 verbose parsed url   hostname: null,
8 verbose parsed url   hash: null,
8 verbose parsed url   search: null,
8 verbose parsed url   query: null,
8 verbose parsed url   pathname: 'gulp-php-connect',
8 verbose parsed url   path: 'gulp-php-connect',
8 verbose parsed url   href: 'gulp-php-connect' }
9 silly lockFile ef0e0b4e-gulp-php-connect gulp-php-connect
10 verbose lock gulp-php-connect C:\Users\dake\AppData\Roaming\npm-cache\ef0e0b4e-gulp-php-connect.lock
11 silly lockFile ef0e0b4e-gulp-php-connect gulp-php-connect
12 silly lockFile ef0e0b4e-gulp-php-connect gulp-php-connect
13 verbose addNamed [ 'gulp-php-connect', '' ]
14 verbose addNamed [ null, '*' ]
15 silly lockFile 232205a0-gulp-php-connect gulp-php-connect@
16 verbose lock gulp-php-connect@ C:\Users\dake\AppData\Roaming\npm-cache\232205a0-gulp-php-connect.lock
17 silly addNameRange { name: 'gulp-php-connect', range: '*', hasData: false }
18 verbose request where is /gulp-php-connect
19 verbose request registry https://registry.npmjs.org/
20 verbose request id 5d58d2e9c2186a8a
21 verbose url raw /gulp-php-connect
22 verbose url resolving [ 'https://registry.npmjs.org/', './gulp-php-connect' ]
23 verbose url resolved https://registry.npmjs.org/gulp-php-connect
24 verbose request where is https://registry.npmjs.org/gulp-php-connect
25 info trying registry request attempt 1 at 12:45:05
26 verbose etag "AD8ONHK8DHRK4C8O5AO3A5NDC"
27 http GET https://registry.npmjs.org/gulp-php-connect
28 http 404 https://registry.npmjs.org/gulp-php-connect
29 silly registry.get cb [ 404,
29 silly registry.get   { date: 'Sat, 14 Feb 2015 07:45:14 GMT',
29 silly registry.get     server: 'CouchDB/1.5.0 (Erlang OTP/R16B03)',
29 silly registry.get     etag: '"AD8ONHK8DHRK4C8O5AO3A5NDC"',
29 silly registry.get     'content-type': 'application/json',
29 silly registry.get     'cache-control': 'max-age=0',
29 silly registry.get     'content-length': '449',
29 silly registry.get     'accept-ranges': 'bytes',
29 silly registry.get     via: '1.1 varnish',
29 silly registry.get     age: '0',
29 silly registry.get     'x-served-by': 'cache-fra1230-FRA',
29 silly registry.get     'x-cache': 'MISS',
29 silly registry.get     'x-cache-hits': '0',
29 silly registry.get     'x-timer': 'S1423899913.818980,VS0,VE705',
29 silly registry.get     vary: 'Accept',
29 silly registry.get     'keep-alive': 'timeout=10, max=50',
29 silly registry.get     connection: 'Keep-Alive' } ]
30 silly lockFile 232205a0-gulp-php-connect gulp-php-connect@
31 silly lockFile 232205a0-gulp-php-connect gulp-php-connect@
32 error 404 Not Found
32 error 404
32 error 404 'gulp-php-connect' is not in the npm registry.
32 error 404 You should bug the author to publish it
32 error 404 It was specified as a dependency of 'watermark-generator'
32 error 404
32 error 404 Note that you can also install from a
32 error 404 tarball, folder, or http url, or git url.
33 error System Windows_NT 6.1.7601
34 error command "c:\\Program Files\\nodejs\\node.exe" "c:\\Program Files\\nodejs\\node_modules\\npm\\bin\\npm-cli.js" "install" "--save-dev" "gulp-php-connect"
35 error cwd h:\dropbox\projects\loftschool\Description
36 error node -v v0.10.32
37 error npm -v 1.4.28
38 error code E404
39 verbose exit [ 1, true ]
